{"/Users/ivanovvaleriy/dev/noveo-test-assignment/src/components/InfiniteScroll.vue": {"path":"/Users/ivanovvaleriy/dev/noveo-test-assignment/src/components/InfiniteScroll.vue","statementMap":{"0":{"start":{"line":10,"column":15},"end":{"line":10,"column":null}},"1":{"start":{"line":20,"column":4},"end":{"line":20,"column":10}},"2":{"start":{"line":21,"column":6},"end":{"line":21,"column":18}},"3":{"start":{"line":24,"column":6},"end":{"line":26,"column":null}},"4":{"start":{"line":25,"column":8},"end":{"line":25,"column":15}},"5":{"start":{"line":29,"column":4},"end":{"line":29,"column":11}}},"fnMap":{"0":{"name":"(anonymous_0)","decl":{"start":{"line":18,"column":2},"end":{"line":18,"column":7}},"loc":{"start":{"line":18,"column":24},"end":{"line":30,"column":null}}},"1":{"name":"(anonymous_1)","decl":{"start":{"line":20,"column":22},"end":{"line":20,"column":28}},"loc":{"start":{"line":20,"column":28},"end":{"line":27,"column":null}}}},"branchMap":{"0":{"loc":{"start":{"line":24,"column":6},"end":{"line":26,"column":null}},"type":"if","locations":[{"start":{"line":24,"column":6},"end":{"line":26,"column":null}},{"start":{"line":24,"column":6},"end":{"line":26,"column":null}}]}},"s":{"0":1,"1":0,"2":0,"3":0,"4":0,"5":0},"f":{"0":0,"1":0},"b":{"0":[0,0]}}
,"/Users/ivanovvaleriy/dev/noveo-test-assignment/src/components/DogCard/DogCard.vue": {"path":"/Users/ivanovvaleriy/dev/noveo-test-assignment/src/components/DogCard/DogCard.vue","statementMap":{"0":{"start":{"line":13,"column":0},"end":{"line":13,"column":null}},"1":{"start":{"line":14,"column":0},"end":{"line":14,"column":null}},"2":{"start":{"line":15,"column":0},"end":{"line":15,"column":null}},"3":{"start":{"line":17,"column":15},"end":{"line":17,"column":null}},"4":{"start":{"line":22,"column":8},"end":{"line":22,"column":15}},"5":{"start":{"line":43,"column":18},"end":{"line":43,"column":null}},"6":{"start":{"line":44,"column":33},"end":{"line":44,"column":40}},"7":{"start":{"line":45,"column":28},"end":{"line":58,"column":null}},"8":{"start":{"line":46,"column":6},"end":{"line":56,"column":null}},"9":{"start":{"line":47,"column":8},"end":{"line":47,"column":13}},"10":{"start":{"line":52,"column":8},"end":{"line":52,"column":13}},"11":{"start":{"line":57,"column":6},"end":{"line":57,"column":13}},"12":{"start":{"line":59,"column":4},"end":{"line":59,"column":11}}},"fnMap":{"0":{"name":"(anonymous_0)","decl":{"start":{"line":21,"column":15},"end":{"line":21,"column":21}},"loc":{"start":{"line":21,"column":21},"end":{"line":27,"column":null}}},"1":{"name":"(anonymous_1)","decl":{"start":{"line":42,"column":2},"end":{"line":42,"column":7}},"loc":{"start":{"line":42,"column":24},"end":{"line":60,"column":null}}},"2":{"name":"(anonymous_2)","decl":{"start":{"line":45,"column":28},"end":{"line":45,"column":34}},"loc":{"start":{"line":45,"column":34},"end":{"line":58,"column":null}}}},"branchMap":{"0":{"loc":{"start":{"line":46,"column":6},"end":{"line":56,"column":null}},"type":"if","locations":[{"start":{"line":46,"column":6},"end":{"line":56,"column":null}},{"start":{"line":46,"column":6},"end":{"line":56,"column":null}}]}},"s":{"0":1,"1":1,"2":1,"3":1,"4":2,"5":2,"6":2,"7":2,"8":0,"9":0,"10":0,"11":0,"12":2},"f":{"0":2,"1":2,"2":0},"b":{"0":[0,0]}}
,"/Users/ivanovvaleriy/dev/noveo-test-assignment/src/components/DogCard/LikeIcon.vue": {"path":"/Users/ivanovvaleriy/dev/noveo-test-assignment/src/components/DogCard/LikeIcon.vue","statementMap":{"0":{"start":{"line":11,"column":15},"end":{"line":11,"column":null}},"1":{"start":{"line":19,"column":4},"end":{"line":19,"column":11}}},"fnMap":{"0":{"name":"(anonymous_0)","decl":{"start":{"line":18,"column":2},"end":{"line":18,"column":7}},"loc":{"start":{"line":18,"column":10},"end":{"line":20,"column":null}}}},"branchMap":{},"s":{"0":1,"1":2},"f":{"0":2},"b":{}}
}
