TN:
SF:/Users/ivanovvaleriy/dev/noveo-test-assignment/src/components/InfiniteScroll.vue
FN:20,(anonymous_0)
FN:22,(anonymous_1)
FNF:2
FNH:2
FNDA:1,(anonymous_0)
FNDA:1,(anonymous_1)
DA:9,1
DA:11,1
DA:22,1
DA:23,1
DA:26,1
DA:27,1
DA:31,1
LF:7
LH:7
BRDA:26,0,0,1
BRDA:26,0,1,0
BRF:2
BRH:1
end_of_record
TN:
SF:/Users/ivanovvaleriy/dev/noveo-test-assignment/src/components/DogCard/DogCard.vue
FN:22,(anonymous_0)
FN:43,(anonymous_1)
FN:46,(anonymous_2)
FNF:3
FNH:2
FNDA:2,(anonymous_0)
FNDA:2,(anonymous_1)
FNDA:0,(anonymous_2)
DA:14,1
DA:15,1
DA:16,1
DA:18,1
DA:23,2
DA:44,2
DA:45,2
DA:46,2
DA:47,0
DA:48,0
DA:53,0
DA:59,2
LF:12
LH:9
BRDA:47,0,0,0
BRDA:47,0,1,0
BRF:2
BRH:0
end_of_record
TN:
SF:/Users/ivanovvaleriy/dev/noveo-test-assignment/src/components/DogCard/LikeIcon.vue
FN:18,(anonymous_0)
FNF:1
FNH:1
FNDA:2,(anonymous_0)
DA:11,1
DA:19,2
LF:2
LH:2
BRF:0
BRH:0
end_of_record
TN:
SF:/Users/ivanovvaleriy/dev/noveo-test-assignment/src/components/Layout/ErrorCard.vue
FN:13,(anonymous_0)
FN:16,(anonymous_1)
FNF:2
FNH:0
FNDA:0,(anonymous_0)
FNDA:0,(anonymous_1)
DA:10,1
DA:11,1
DA:12,1
DA:14,0
DA:15,0
DA:16,0
LF:6
LH:3
BRF:0
BRH:0
end_of_record
TN:
SF:/Users/ivanovvaleriy/dev/noveo-test-assignment/src/store/actions.js
FN:4,(anonymous_0)
FN:6,(anonymous_1)
FN:7,(anonymous_2)
FN:30,(anonymous_3)
FNF:4
FNH:4
FNDA:1,(anonymous_0)
FNDA:1,(anonymous_1)
FNDA:20,(anonymous_2)
FNDA:1,(anonymous_3)
DA:6,1
DA:7,1
DA:8,20
DA:15,1
DA:17,1
DA:18,1
DA:20,0
DA:22,1
DA:23,1
DA:25,0
DA:26,0
DA:31,1
DA:32,1
DA:33,1
DA:34,1
DA:36,0
LF:16
LH:12
BRDA:17,0,0,1
BRDA:17,0,1,0
BRF:2
BRH:1
end_of_record
TN:
SF:/Users/ivanovvaleriy/dev/noveo-test-assignment/src/store/index.js
FNF:0
FNH:0
LF:0
LH:0
BRF:0
BRH:0
end_of_record
TN:
SF:/Users/ivanovvaleriy/dev/noveo-test-assignment/src/store/localStorage.js
FN:1,(anonymous_0)
FN:9,(anonymous_1)
FN:15,(anonymous_2)
FN:20,(anonymous_3)
FN:25,(anonymous_4)
FNF:5
FNH:0
FNDA:0,(anonymous_0)
FNDA:0,(anonymous_1)
FNDA:0,(anonymous_2)
FNDA:0,(anonymous_3)
FNDA:0,(anonymous_4)
DA:1,1
DA:2,0
DA:3,0
DA:4,0
DA:6,0
DA:9,1
DA:10,0
DA:11,0
DA:15,1
DA:16,0
DA:17,0
DA:20,1
DA:21,0
DA:22,0
DA:25,0
LF:15
LH:4
BRDA:3,0,0,0
BRDA:3,0,1,0
BRDA:10,1,0,0
BRDA:10,1,1,0
BRF:4
BRH:0
end_of_record
TN:
SF:/Users/ivanovvaleriy/dev/noveo-test-assignment/src/store/mutations.js
FN:4,(anonymous_0)
FN:7,(anonymous_1)
FN:10,(anonymous_2)
FN:13,(anonymous_3)
FN:16,(anonymous_4)
FN:22,(anonymous_5)
FN:24,(anonymous_6)
FN:29,(anonymous_7)
FN:32,(anonymous_8)
FN:35,(anonymous_9)
FNF:10
FNH:2
FNDA:0,(anonymous_0)
FNDA:2,(anonymous_1)
FNDA:1,(anonymous_2)
FNDA:0,(anonymous_3)
FNDA:0,(anonymous_4)
FNDA:0,(anonymous_5)
FNDA:0,(anonymous_6)
FNDA:0,(anonymous_7)
FNDA:0,(anonymous_8)
FNDA:0,(anonymous_9)
DA:5,0
DA:8,2
DA:11,1
DA:14,0
DA:17,0
DA:18,0
DA:19,0
DA:20,0
DA:23,0
DA:24,0
DA:26,0
DA:27,0
DA:30,0
DA:33,0
DA:36,0
LF:15
LH:2
BRF:0
BRH:0
end_of_record
