TN:
SF:/Users/ivanovvaleriy/dev/noveo-test-assignment/src/components/InfiniteScroll.vue
FN:18,(anonymous_0)
FN:20,(anonymous_1)
FNF:2
FNH:0
FNDA:0,(anonymous_0)
FNDA:0,(anonymous_1)
DA:10,1
DA:20,0
DA:21,0
DA:24,0
DA:25,0
DA:29,0
LF:6
LH:1
BRDA:24,0,0,0
BRDA:24,0,1,0
BRF:2
BRH:0
end_of_record
TN:
SF:/Users/ivanovvaleriy/dev/noveo-test-assignment/src/components/DogCard/DogCard.vue
FN:21,(anonymous_0)
FN:42,(anonymous_1)
FN:45,(anonymous_2)
FNF:3
FNH:2
FNDA:2,(anonymous_0)
FNDA:2,(anonymous_1)
FNDA:0,(anonymous_2)
DA:13,1
DA:14,1
DA:15,1
DA:17,1
DA:22,2
DA:43,2
DA:44,2
DA:45,2
DA:46,0
DA:47,0
DA:52,0
DA:57,0
DA:59,2
LF:13
LH:9
BRDA:46,0,0,0
BRDA:46,0,1,0
BRF:2
BRH:0
end_of_record
TN:
SF:/Users/ivanovvaleriy/dev/noveo-test-assignment/src/components/DogCard/LikeIcon.vue
FN:18,(anonymous_0)
FNF:1
FNH:1
FNDA:2,(anonymous_0)
DA:11,1
DA:19,2
LF:2
LH:2
BRF:0
BRH:0
end_of_record
